TN:
SF:./app/scripts/Class.js/Class.js
FN:2,(anonymous_1)
FN:8,(anonymous_2)
FN:14,(anonymous_3)
FN:15,(anonymous_4)
FN:17,(anonymous_5)
FN:41,Class
FN:47,make
FN:52,(anonymous_8)
FN:58,(anonymous_9)
FN:82,(anonymous_10)
FN:107,getAllKeys
FN:114,getAllProperties
FN:126,getAllMethods
FN:138,temp
FNF:14
FNH:8
FNDA:1,(anonymous_1)
FNDA:1,(anonymous_2)
FNDA:0,(anonymous_3)
FNDA:0,(anonymous_4)
FNDA:0,(anonymous_5)
FNDA:15,Class
FNDA:16,make
FNDA:8,(anonymous_8)
FNDA:7,(anonymous_9)
FNDA:7,(anonymous_10)
FNDA:2,getAllKeys
FNDA:0,getAllProperties
FNDA:0,getAllMethods
FNDA:0,temp
DA:2,1
DA:8,1
DA:13,1
DA:14,0
DA:15,0
DA:17,0
DA:18,0
DA:19,0
DA:21,0
DA:22,0
DA:24,0
DA:25,0
DA:26,0
DA:27,0
DA:41,1
DA:42,15
DA:43,15
DA:45,1
DA:46,1
DA:47,1
DA:48,16
DA:49,16
DA:51,16
DA:52,8
DA:54,8
DA:55,8
DA:56,8
DA:58,8
DA:59,7
DA:60,7
DA:62,8
DA:63,8
DA:65,8
DA:68,8
DA:69,8
DA:71,8
DA:72,6
DA:75,8
DA:82,8
DA:83,7
DA:84,7
DA:86,8
DA:87,8
DA:89,8
DA:90,6
DA:104,8
DA:107,1
DA:108,2
DA:109,2
DA:110,14
DA:112,2
DA:114,1
DA:115,0
DA:116,0
DA:117,0
DA:118,0
DA:119,0
DA:120,0
DA:121,0
DA:124,0
DA:126,1
DA:127,0
DA:128,0
DA:129,0
DA:130,0
DA:131,0
DA:132,0
DA:133,0
DA:136,0
DA:138,1
DA:139,0
DA:152,1
LF:72
LH:44
BRDA:13,1,0,0
BRDA:13,1,1,1
BRDA:18,2,0,0
BRDA:18,2,1,0
BRDA:21,3,0,0
BRDA:21,3,1,0
BRDA:48,4,0,16
BRDA:48,4,1,8
BRDA:51,5,0,8
BRDA:51,5,1,8
BRDA:120,6,0,0
BRDA:120,6,1,0
BRDA:132,7,0,0
BRDA:132,7,1,0
BRF:14
BRH:5
end_of_record
