TN:
SF:./app/scripts/Class.js/Class.js
FN:2,(anonymous_1)
FN:8,(anonymous_2)
FN:14,(anonymous_3)
FN:15,(anonymous_4)
FN:17,(anonymous_5)
FN:41,Class
FN:47,make
FN:52,(anonymous_8)
FN:58,(anonymous_9)
FN:77,(anonymous_10)
FN:102,getAllKeys
FN:109,getAllProperties
FN:121,getAllMethods
FN:133,temp
FNF:14
FNH:7
FNDA:1,(anonymous_1)
FNDA:1,(anonymous_2)
FNDA:0,(anonymous_3)
FNDA:0,(anonymous_4)
FNDA:0,(anonymous_5)
FNDA:3,Class
FNDA:4,make
FNDA:2,(anonymous_8)
FNDA:1,(anonymous_9)
FNDA:1,(anonymous_10)
FNDA:0,getAllKeys
FNDA:0,getAllProperties
FNDA:0,getAllMethods
FNDA:0,temp
DA:2,1
DA:8,1
DA:13,1
DA:14,0
DA:15,0
DA:17,0
DA:18,0
DA:19,0
DA:21,0
DA:22,0
DA:24,0
DA:25,0
DA:26,0
DA:27,0
DA:41,1
DA:42,3
DA:43,3
DA:45,1
DA:46,1
DA:47,1
DA:48,4
DA:49,4
DA:51,4
DA:52,2
DA:54,2
DA:55,2
DA:56,2
DA:58,2
DA:59,1
DA:60,1
DA:62,2
DA:63,2
DA:65,2
DA:68,2
DA:69,2
DA:70,2
DA:77,2
DA:78,1
DA:79,1
DA:81,2
DA:82,2
DA:84,2
DA:85,1
DA:99,2
DA:102,1
DA:103,0
DA:104,0
DA:105,0
DA:107,0
DA:109,1
DA:110,0
DA:111,0
DA:112,0
DA:113,0
DA:114,0
DA:115,0
DA:116,0
DA:119,0
DA:121,1
DA:122,0
DA:123,0
DA:124,0
DA:125,0
DA:126,0
DA:127,0
DA:128,0
DA:131,0
DA:133,1
DA:134,0
DA:147,1
LF:70
LH:38
BRDA:13,1,0,0
BRDA:13,1,1,1
BRDA:18,2,0,0
BRDA:18,2,1,0
BRDA:21,3,0,0
BRDA:21,3,1,0
BRDA:48,4,0,4
BRDA:48,4,1,2
BRDA:51,5,0,2
BRDA:51,5,1,2
BRDA:115,6,0,0
BRDA:115,6,1,0
BRDA:127,7,0,0
BRDA:127,7,1,0
BRF:14
BRH:5
end_of_record
